

*******************************************************************************
Thu May 26 00:44:32 2022


FIT:    data read from '<python3 split.py' using 1:2
        format = x:z
        #datapoints = 50000
        residuals are weighted equally (unit weight)

function used for fitting: f(x)
	f(x) = a
fitted parameters initialized with current variable values

iter      chisq       delta/lim  lambda   a            
   0 2.6342386517e+06   0.00e+00  1.00e+00    1.000000e+00
   2 1.5108686348e+02  -6.97e-01  1.00e-02   -6.258220e+00

After 2 iterations the fit converged.
final sum of squares of residuals : 151.087
rel. change during last iteration : -6.97342e-06

degrees of freedom    (FIT_NDF)                        : 49999
rms of residuals      (FIT_STDFIT) = sqrt(WSSR/ndf)    : 0.0549709
variance of residuals (reduced chisquare) = WSSR/ndf   : 0.0030218

Final set of parameters            Asymptotic Standard Error
=======================            ==========================
a               = -6.25822         +/- 0.0002458    (0.003928%)


*******************************************************************************
Thu May 26 00:44:32 2022


FIT:    data read from '<python3 split.py' using 1:3
        format = x:z
        #datapoints = 50000
        residuals are weighted equally (unit weight)

function used for fitting: g(x)
	g(x) = b
fitted parameters initialized with current variable values

iter      chisq       delta/lim  lambda   b            
   0 7.8421523503e+03   0.00e+00  1.00e+00    1.000000e+00
   2 1.5107986065e+02  -2.04e-03  1.00e-02    1.392201e+00

After 2 iterations the fit converged.
final sum of squares of residuals : 151.08
rel. change during last iteration : -2.03621e-08

degrees of freedom    (FIT_NDF)                        : 49999
rms of residuals      (FIT_STDFIT) = sqrt(WSSR/ndf)    : 0.0549696
variance of residuals (reduced chisquare) = WSSR/ndf   : 0.00302166

Final set of parameters            Asymptotic Standard Error
=======================            ==========================
b               = 1.3922           +/- 0.0002458    (0.01766%)
